<test>
<ide-script entry-id="1">typo3IDEtest.xml</ide-script>
<ide-script entry-id="2">typo3AdminIDEtest.xml</ide-script>
</test>


